<?xml version="1.0" encoding="UTF-8"?>
<!-- Generated by org.testng.reporters.JUnitReportReporter -->
<testsuite hostname="Network_Error" failures="0" tests="1" name="Works.Proj21.StandaloneProj1" time="12.886" errors="0" timestamp="2023-10-13T15:03:48 IST" skipped="0">
  <testcase classname="Works.Proj21.StandaloneProj1" name="apps" time="12.886"/>
  <system-out/>
</testsuite> <!-- Works.Proj21.StandaloneProj1 -->
