<?xml version="1.0" encoding="UTF-8"?>
<!-- Generated by org.testng.reporters.JUnitReportReporter -->
<testsuite hostname="Network_Error" failures="0" tests="2" name="com.Tests.OrderAProduct" time="18.793" errors="0" timestamp="2023-10-17T15:23:05 IST" skipped="0">
  <testcase classname="com.Tests.OrderAProduct" name="SubmitOrd" time="10.799"/>
  <system-out/>
  <testcase classname="com.Tests.OrderAProduct" name="SubmitOrd" time="7.994"/>
  <system-out/>
</testsuite> <!-- com.Tests.OrderAProduct -->
