<?xml version="1.0" encoding="UTF-8"?>
<!-- Generated by org.testng.reporters.JUnitReportReporter -->
<testsuite hostname="Network_Error" failures="0" tests="3" name="com.Tests.OrderAProduct" time="20.087" errors="0" timestamp="2024-02-19T14:56:52 IST" skipped="0">
  <testcase classname="com.Tests.OrderAProduct" name="SubmitOrd" time="10.154"/>
  <system-out/>
  <testcase classname="com.Tests.OrderAProduct" name="OrderHistoryTest" time="2.382"/>
  <system-out/>
  <testcase classname="com.Tests.OrderAProduct" name="SubmitOrd" time="7.551"/>
  <system-out/>
</testsuite> <!-- com.Tests.OrderAProduct -->
