<?xml version="1.0" encoding="UTF-8"?>
<!-- Generated by org.testng.reporters.JUnitReportReporter -->
<testsuite hostname="Network_Error" failures="0" tests="1" name="com.Tests.ErrorValidation" time="5.898" errors="0" timestamp="2023-10-17T15:23:05 IST" skipped="0">
  <testcase classname="com.Tests.ErrorValidation" name="LoginErrorValidation" time="5.898"/>
  <system-out/>
</testsuite> <!-- com.Tests.ErrorValidation -->
