<?xml version="1.0" encoding="UTF-8"?>
<!-- Generated by org.testng.reporters.JUnitReportReporter -->
<testsuite hostname="Network_Error" failures="0" tests="2" name="com.Tests.ErrorValidation" time="12.560" errors="0" timestamp="2024-02-19T14:56:52 IST" skipped="0">
  <testcase classname="com.Tests.ErrorValidation" name="LoginErrorValidation" time="3.955"/>
  <system-out/>
  <testcase classname="com.Tests.ErrorValidation" name="ProductValidation" time="8.605"/>
  <system-out/>
</testsuite> <!-- com.Tests.ErrorValidation -->
